[2023-06-27 19:04:54,147] {taskinstance.py:1043} INFO - Dependencies all met for <TaskInstance: airflow_ml_pipeline.ml_training_Logisitic manual__2023-06-27T23:04:44.949534+00:00 [queued]>
[2023-06-27 19:04:54,150] {taskinstance.py:1043} INFO - Dependencies all met for <TaskInstance: airflow_ml_pipeline.ml_training_Logisitic manual__2023-06-27T23:04:44.949534+00:00 [queued]>
[2023-06-27 19:04:54,151] {taskinstance.py:1249} INFO - 
--------------------------------------------------------------------------------
[2023-06-27 19:04:54,151] {taskinstance.py:1250} INFO - Starting attempt 1 of 2
[2023-06-27 19:04:54,151] {taskinstance.py:1251} INFO - 
--------------------------------------------------------------------------------
[2023-06-27 19:04:54,158] {taskinstance.py:1270} INFO - Executing <Task(PythonOperator): ml_training_Logisitic> on 2023-06-27 23:04:44.949534+00:00
[2023-06-27 19:04:54,163] {standard_task_runner.py:52} INFO - Started process 26986 to run task
[2023-06-27 19:04:54,165] {standard_task_runner.py:79} INFO - Running: ['airflow', 'tasks', 'run', 'airflow_ml_pipeline', 'ml_training_Logisitic', 'manual__2023-06-27T23:04:44.949534+00:00', '--job-id', '7', '--raw', '--subdir', 'DAGS_FOLDER/dag-pipeline-ml.py', '--cfg-path', '/tmp/tmpjvj14sqk', '--error-file', '/tmp/tmp3tf00r6z']
[2023-06-27 19:04:54,167] {standard_task_runner.py:80} INFO - Job 7: Subtask ml_training_Logisitic
[2023-06-27 19:04:54,191] {logging_mixin.py:109} INFO - Running <TaskInstance: airflow_ml_pipeline.ml_training_Logisitic manual__2023-06-27T23:04:44.949534+00:00 [running]> on host DESKTOP-J9U5AAV.
[2023-06-27 19:04:54,211] {taskinstance.py:1448} INFO - Exporting the following env vars:
AIRFLOW_CTX_DAG_OWNER=airflow
AIRFLOW_CTX_DAG_ID=airflow_ml_pipeline
AIRFLOW_CTX_TASK_ID=ml_training_Logisitic
AIRFLOW_CTX_EXECUTION_DATE=2023-06-27T23:04:44.949534+00:00
AIRFLOW_CTX_DAG_RUN_ID=manual__2023-06-27T23:04:44.949534+00:00
[2023-06-27 19:04:54,235] {logging_mixin.py:109} INFO - ACCURACY OF THE MODEL:  0.9777777777777777
[2023-06-27 19:04:54,242] {python.py:175} INFO - Done. Returned value was: None
[2023-06-27 19:04:54,245] {taskinstance.py:1288} INFO - Marking task as SUCCESS. dag_id=airflow_ml_pipeline, task_id=ml_training_Logisitic, execution_date=20230627T230444, start_date=20230627T230454, end_date=20230627T230454
[2023-06-27 19:04:54,259] {local_task_job.py:154} INFO - Task exited with return code 0
[2023-06-27 19:04:54,272] {local_task_job.py:264} INFO - 1 downstream tasks scheduled from follow-on schedule check
