[2023-06-27 19:04:56,073] {taskinstance.py:1043} INFO - Dependencies all met for <TaskInstance: airflow_ml_pipeline.identify_best_model manual__2023-06-27T23:04:44.949534+00:00 [queued]>
[2023-06-27 19:04:56,077] {taskinstance.py:1043} INFO - Dependencies all met for <TaskInstance: airflow_ml_pipeline.identify_best_model manual__2023-06-27T23:04:44.949534+00:00 [queued]>
[2023-06-27 19:04:56,077] {taskinstance.py:1249} INFO - 
--------------------------------------------------------------------------------
[2023-06-27 19:04:56,077] {taskinstance.py:1250} INFO - Starting attempt 1 of 2
[2023-06-27 19:04:56,077] {taskinstance.py:1251} INFO - 
--------------------------------------------------------------------------------
[2023-06-27 19:04:56,086] {taskinstance.py:1270} INFO - Executing <Task(PythonOperator): identify_best_model> on 2023-06-27 23:04:44.949534+00:00
[2023-06-27 19:04:56,090] {standard_task_runner.py:52} INFO - Started process 27025 to run task
[2023-06-27 19:04:56,092] {standard_task_runner.py:79} INFO - Running: ['airflow', 'tasks', 'run', 'airflow_ml_pipeline', 'identify_best_model', 'manual__2023-06-27T23:04:44.949534+00:00', '--job-id', '8', '--raw', '--subdir', 'DAGS_FOLDER/dag-pipeline-ml.py', '--cfg-path', '/tmp/tmpxwfvcll_', '--error-file', '/tmp/tmpa_vqd7jm']
[2023-06-27 19:04:56,094] {standard_task_runner.py:80} INFO - Job 8: Subtask identify_best_model
[2023-06-27 19:04:56,117] {logging_mixin.py:109} INFO - Running <TaskInstance: airflow_ml_pipeline.identify_best_model manual__2023-06-27T23:04:44.949534+00:00 [running]> on host DESKTOP-J9U5AAV.
[2023-06-27 19:04:56,137] {taskinstance.py:1448} INFO - Exporting the following env vars:
AIRFLOW_CTX_DAG_OWNER=airflow
AIRFLOW_CTX_DAG_ID=airflow_ml_pipeline
AIRFLOW_CTX_TASK_ID=identify_best_model
AIRFLOW_CTX_EXECUTION_DATE=2023-06-27T23:04:44.949534+00:00
AIRFLOW_CTX_DAG_RUN_ID=manual__2023-06-27T23:04:44.949534+00:00
[2023-06-27 19:04:56,140] {logging_mixin.py:109} INFO - choose best model: [0.9777777777777777, 0.9777777777777777]
[2023-06-27 19:04:56,140] {python.py:175} INFO - Done. Returned value was: None
[2023-06-27 19:04:56,143] {taskinstance.py:1288} INFO - Marking task as SUCCESS. dag_id=airflow_ml_pipeline, task_id=identify_best_model, execution_date=20230627T230444, start_date=20230627T230456, end_date=20230627T230456
[2023-06-27 19:04:56,188] {local_task_job.py:154} INFO - Task exited with return code 0
[2023-06-27 19:04:56,196] {local_task_job.py:264} INFO - 0 downstream tasks scheduled from follow-on schedule check
