[2023-06-27 19:04:52,316] {taskinstance.py:1043} INFO - Dependencies all met for <TaskInstance: airflow_ml_pipeline.ml_training_RandomForest manual__2023-06-27T23:04:44.949534+00:00 [queued]>
[2023-06-27 19:04:52,319] {taskinstance.py:1043} INFO - Dependencies all met for <TaskInstance: airflow_ml_pipeline.ml_training_RandomForest manual__2023-06-27T23:04:44.949534+00:00 [queued]>
[2023-06-27 19:04:52,319] {taskinstance.py:1249} INFO - 
--------------------------------------------------------------------------------
[2023-06-27 19:04:52,320] {taskinstance.py:1250} INFO - Starting attempt 1 of 2
[2023-06-27 19:04:52,320] {taskinstance.py:1251} INFO - 
--------------------------------------------------------------------------------
[2023-06-27 19:04:52,328] {taskinstance.py:1270} INFO - Executing <Task(PythonOperator): ml_training_RandomForest> on 2023-06-27 23:04:44.949534+00:00
[2023-06-27 19:04:52,331] {standard_task_runner.py:52} INFO - Started process 26948 to run task
[2023-06-27 19:04:52,333] {standard_task_runner.py:79} INFO - Running: ['airflow', 'tasks', 'run', 'airflow_ml_pipeline', 'ml_training_RandomForest', 'manual__2023-06-27T23:04:44.949534+00:00', '--job-id', '6', '--raw', '--subdir', 'DAGS_FOLDER/dag-pipeline-ml.py', '--cfg-path', '/tmp/tmpodr33nx8', '--error-file', '/tmp/tmp1wwrq409']
[2023-06-27 19:04:52,336] {standard_task_runner.py:80} INFO - Job 6: Subtask ml_training_RandomForest
[2023-06-27 19:04:52,359] {logging_mixin.py:109} INFO - Running <TaskInstance: airflow_ml_pipeline.ml_training_RandomForest manual__2023-06-27T23:04:44.949534+00:00 [running]> on host DESKTOP-J9U5AAV.
[2023-06-27 19:04:52,380] {taskinstance.py:1448} INFO - Exporting the following env vars:
AIRFLOW_CTX_DAG_OWNER=airflow
AIRFLOW_CTX_DAG_ID=airflow_ml_pipeline
AIRFLOW_CTX_TASK_ID=ml_training_RandomForest
AIRFLOW_CTX_EXECUTION_DATE=2023-06-27T23:04:44.949534+00:00
AIRFLOW_CTX_DAG_RUN_ID=manual__2023-06-27T23:04:44.949534+00:00
[2023-06-27 19:04:52,472] {logging_mixin.py:109} INFO - ACCURACY OF THE MODEL:  0.9777777777777777
[2023-06-27 19:04:52,481] {python.py:175} INFO - Done. Returned value was: None
[2023-06-27 19:04:52,484] {taskinstance.py:1288} INFO - Marking task as SUCCESS. dag_id=airflow_ml_pipeline, task_id=ml_training_RandomForest, execution_date=20230627T230444, start_date=20230627T230452, end_date=20230627T230452
[2023-06-27 19:04:52,515] {local_task_job.py:154} INFO - Task exited with return code 0
[2023-06-27 19:04:52,526] {local_task_job.py:264} INFO - 0 downstream tasks scheduled from follow-on schedule check
