[2023-06-27 19:04:48,512] {taskinstance.py:1043} INFO - Dependencies all met for <TaskInstance: airflow_ml_pipeline.download_dataset manual__2023-06-27T23:04:44.949534+00:00 [queued]>
[2023-06-27 19:04:48,515] {taskinstance.py:1043} INFO - Dependencies all met for <TaskInstance: airflow_ml_pipeline.download_dataset manual__2023-06-27T23:04:44.949534+00:00 [queued]>
[2023-06-27 19:04:48,515] {taskinstance.py:1249} INFO - 
--------------------------------------------------------------------------------
[2023-06-27 19:04:48,515] {taskinstance.py:1250} INFO - Starting attempt 1 of 2
[2023-06-27 19:04:48,515] {taskinstance.py:1251} INFO - 
--------------------------------------------------------------------------------
[2023-06-27 19:04:48,525] {taskinstance.py:1270} INFO - Executing <Task(PythonOperator): download_dataset> on 2023-06-27 23:04:44.949534+00:00
[2023-06-27 19:04:48,530] {standard_task_runner.py:52} INFO - Started process 26873 to run task
[2023-06-27 19:04:48,532] {standard_task_runner.py:79} INFO - Running: ['airflow', 'tasks', 'run', 'airflow_ml_pipeline', 'download_dataset', 'manual__2023-06-27T23:04:44.949534+00:00', '--job-id', '4', '--raw', '--subdir', 'DAGS_FOLDER/dag-pipeline-ml.py', '--cfg-path', '/tmp/tmp3o39gh0h', '--error-file', '/tmp/tmpmsoo2mn_']
[2023-06-27 19:04:48,535] {standard_task_runner.py:80} INFO - Job 4: Subtask download_dataset
[2023-06-27 19:04:48,561] {logging_mixin.py:109} INFO - Running <TaskInstance: airflow_ml_pipeline.download_dataset manual__2023-06-27T23:04:44.949534+00:00 [running]> on host DESKTOP-J9U5AAV.
[2023-06-27 19:04:48,583] {taskinstance.py:1448} INFO - Exporting the following env vars:
AIRFLOW_CTX_DAG_OWNER=airflow
AIRFLOW_CTX_DAG_ID=airflow_ml_pipeline
AIRFLOW_CTX_TASK_ID=download_dataset
AIRFLOW_CTX_EXECUTION_DATE=2023-06-27T23:04:44.949534+00:00
AIRFLOW_CTX_DAG_RUN_ID=manual__2023-06-27T23:04:44.949534+00:00
[2023-06-27 19:04:48,597] {python.py:175} INFO - Done. Returned value was: None
[2023-06-27 19:04:48,600] {taskinstance.py:1288} INFO - Marking task as SUCCESS. dag_id=airflow_ml_pipeline, task_id=download_dataset, execution_date=20230627T230444, start_date=20230627T230448, end_date=20230627T230448
[2023-06-27 19:04:48,628] {local_task_job.py:154} INFO - Task exited with return code 0
[2023-06-27 19:04:48,644] {local_task_job.py:264} INFO - 1 downstream tasks scheduled from follow-on schedule check
